<?xml version="1.0" encoding="UTF-8"?>
<!-- Generated by org.testng.reporters.JUnitReportReporter -->
<testsuite hostname="md1ytwsc" failures="0" tests="1" name="org.tcoe.scn.regressionTestSuite.TestCase2" time="27.220" errors="0" timestamp="28 Mar 2019 17:41:37 GMT" skipped="0">
  <testcase classname="org.tcoe.scn.regressionTestSuite.TestCase2" name="loginTest" time="27.220"/>
</testsuite> <!-- org.tcoe.scn.regressionTestSuite.TestCase2 -->
