<?xml version="1.0" encoding="UTF-8"?>
<!-- Generated by org.testng.reporters.JUnitReportReporter -->
<testsuite name="org.tcoe.scn.regressionTestSuite.TestCase1" tests="1" time="9.787" ignored="0" failures="0" timestamp="04 Mar 2018 19:51:43 GMT" skipped="0" hostname="WTIN01500385L" errors="0">
  <testcase name="idmsHomeLoginTest" time="9.787" classname="org.tcoe.scn.regressionTestSuite.TestCase1"/>
</testsuite> <!-- org.tcoe.scn.regressionTestSuite.TestCase1 -->
