<?xml version="1.0" encoding="UTF-8"?>
<!-- Generated by org.testng.reporters.JUnitReportReporter -->
<testsuite hostname="md1ytwsc" failures="0" tests="1" name="org.tcoe.scn.regressionTestSuite.TestCase1" time="4.989" errors="0" timestamp="18 Mar 2019 05:05:07 GMT" skipped="0">
  <testcase classname="org.tcoe.scn.regressionTestSuite.TestCase1" name="idmsHomeLoginTest" time="4.989"/>
</testsuite> <!-- org.tcoe.scn.regressionTestSuite.TestCase1 -->
