<?xml version="1.0" encoding="UTF-8"?>
<!-- Generated by org.testng.reporters.JUnitReportReporter -->
<testsuite name="org.tcoe.scn.smokeTestSuite.TestCase1" tests="1" time="0.000" ignored="0" failures="0" timestamp="04 Mar 2018 20:18:19 GMT" skipped="1" hostname="WTIN01500385L" errors="0">
  <testcase name="idmsHomeLoginTest" time="0.000" classname="org.tcoe.scn.smokeTestSuite.TestCase1">
    <skipped/>
  </testcase> <!-- idmsHomeLoginTest -->
</testsuite> <!-- org.tcoe.scn.smokeTestSuite.TestCase1 -->
