<?xml version="1.0" encoding="UTF-8"?>
<!-- Generated by org.testng.reporters.JUnitReportReporter -->
<testsuite skipped="0" hostname="WTIN01500385L" name="org.tcoe.scn.rough.ChromeBrowserTest" tests="1" failures="0" timestamp="04 Mar 2018 17:39:43 GMT" time="16.462" errors="0">
  <testcase name="chromeBrowserTest" time="16.462" classname="org.tcoe.scn.rough.ChromeBrowserTest"/>
</testsuite> <!-- org.tcoe.scn.rough.ChromeBrowserTest -->
