<?xml version="1.0" encoding="UTF-8"?>
<!-- Generated by org.testng.reporters.JUnitReportReporter -->
<testsuite hostname="md1ytwsc" failures="0" tests="1" name="org.tcoe.scn.regressionTestSuite.TestCase3" time="39.633" errors="0" timestamp="08 Apr 2019 17:25:11 GMT" skipped="0">
  <testcase classname="org.tcoe.scn.regressionTestSuite.TestCase3" name="loginTest" time="39.633"/>
</testsuite> <!-- org.tcoe.scn.regressionTestSuite.TestCase3 -->
